<?xml version="1.0" encoding="UTF-8"?>
<!-- Generated by org.testng.reporters.JUnitReportReporter -->
<testsuite skipped="0" hostname="VinodPaliwal" name="runner.TestRunner" tests="1" failures="0" timestamp="2021-08-04T18:40:14 IST" time="6.234" errors="0">
  <testcase name="runScenario" time="6.234" classname="runner.TestRunner"/>
  <system-out/>
</testsuite> <!-- runner.TestRunner -->
